<?xml version="1.0" encoding="UTF-8"?>
<testsuite name="info.antoniomartin.minesweeper.application.user.UserServiceTest" tests="1" skipped="0" failures="0" errors="0" timestamp="2021-10-23T18:57:13" hostname="Erytheia" time="0.199">
  <properties/>
  <testcase name="should_returnUserResponse_when_getAll()" classname="info.antoniomartin.minesweeper.application.user.UserServiceTest" time="0.199"/>
  <system-out><![CDATA[]]></system-out>
  <system-err><![CDATA[]]></system-err>
</testsuite>
