<?xml version="1.0" encoding="UTF-8"?>
<testsuite name="info.antoniomartin.minesweeper.insfrastructure.rest.user.getall.UserControllerTest" tests="1" skipped="0" failures="0" errors="0" timestamp="2021-10-23T18:57:13" hostname="Erytheia" time="0.143">
  <properties/>
  <testcase name="should_returnUserResponse_when_getUserList()" classname="info.antoniomartin.minesweeper.insfrastructure.rest.user.getall.UserControllerTest" time="0.143"/>
  <system-out><![CDATA[20:57:13.894 [Test worker] INFO info.antoniomartin.minesweeper.insfrastructure.rest.user.getall.UserController - [UserResponse(id=a, name=Mock A, email=a@a.es), UserResponse(id=b, name=Mock B, email=b@b.es)]
]]></system-out>
  <system-err><![CDATA[]]></system-err>
</testsuite>
